#
# There is insufficient memory for the Java Runtime Environment to continue.
# Native memory allocation (malloc) failed to allocate 828816 bytes for Chunk::new
# Possible reasons:
#   The system is out of physical RAM or swap space
#   The process is running with CompressedOops enabled, and the Java Heap may be blocking the growth of the native heap
# Possible solutions:
#   Reduce memory load on the system
#   Increase physical memory or swap space
#   Check if swap backing store is full
#   Decrease Java heap size (-Xmx/-Xms)
#   Decrease number of Java threads
#   Decrease Java thread stack sizes (-Xss)
#   Set larger code cache with -XX:ReservedCodeCacheSize=
#   JVM is running with Unscaled Compressed Oops mode in which the Java heap is
#     placed in the first 4GB address space. The Java Heap base address is the
#     maximum limit for the native heap growth. Please use -XX:HeapBaseMinAddress
#     to set the Java Heap base and to place the Java Heap above 4GB virtual address.
# This output file may be truncated or incomplete.
#
#  Out of Memory Error (allocation.cpp:389), pid=11552, tid=0x0000000000001808
#
# JRE version: OpenJDK Runtime Environment (Zulu 8.52.0.23-CA-win64) (8.0_282-b08) (build 1.8.0_282-b08)
# Java VM: OpenJDK 64-Bit Server VM (25.282-b08 mixed mode windows-amd64 compressed oops)
# Failed to write core dump. Minidumps are not enabled by default on client versions of Windows
#

---------------  T H R E A D  ---------------

Current thread (0x000000001a141800):  JavaThread "C2 CompilerThread2" daemon [_thread_in_native, id=6152, stack(0x000000001ad10000,0x000000001ae10000)]

Stack: [0x000000001ad10000,0x000000001ae10000]
[error occurred during error reporting (printing stack bounds), id 0xc0000005]

Native frames: (J=compiled Java code, j=interpreted, Vv=VM code, C=native code)


Current CompileTask:
C2: 151680 5701   !   4       com.kms.katalon.core.util.internal.KeywordLoader::getAllClassInPackageJar (184 bytes)


---------------  P R O C E S S  ---------------

Java Threads: ( => current thread )
  0x000000001b33b800 JavaThread "Exec Stream Pumper" daemon [_thread_in_native, id=7460, stack(0x00000000216d0000,0x00000000217d0000)]
  0x000000001b33b000 JavaThread "Exec Stream Pumper" daemon [_thread_in_native, id=18220, stack(0x0000000000f30000,0x0000000001030000)]
  0x000000001b33a000 JavaThread "Exec Default Executor" daemon [_thread_in_native, id=19372, stack(0x0000000000e30000,0x0000000000f30000)]
  0x000000001b337000 JavaThread "Okio Watchdog" daemon [_thread_blocked, id=15284, stack(0x0000000022460000,0x0000000022560000)]
  0x000000001a208000 JavaThread "OkHttp ConnectionPool" daemon [_thread_blocked, id=6164, stack(0x0000000022360000,0x0000000022460000)]
  0x000000001f263000 JavaThread "UrlChecker-2" daemon [_thread_blocked, id=6376, stack(0x00000000213d0000,0x00000000214d0000)]
  0x000000001a17e800 JavaThread "Service Thread" daemon [_thread_blocked, id=13512, stack(0x000000001b010000,0x000000001b110000)]
  0x000000001a148000 JavaThread "C1 CompilerThread3" daemon [_thread_blocked, id=4744, stack(0x000000001ae10000,0x000000001af10000)]
=>0x000000001a141800 JavaThread "C2 CompilerThread2" daemon [_thread_in_native, id=6152, stack(0x000000001ad10000,0x000000001ae10000)]
  0x000000001a140800 JavaThread "C2 CompilerThread1" daemon [_thread_blocked, id=17592, stack(0x000000001ac10000,0x000000001ad10000)]
  0x000000001a134800 JavaThread "C2 CompilerThread0" daemon [_thread_blocked, id=9304, stack(0x000000001ab10000,0x000000001ac10000)]
  0x000000001a131800 JavaThread "Attach Listener" daemon [_thread_blocked, id=13884, stack(0x000000001aa10000,0x000000001ab10000)]
  0x0000000019d78800 JavaThread "Signal Dispatcher" daemon [_thread_blocked, id=18216, stack(0x000000001a910000,0x000000001aa10000)]
  0x0000000019a27800 JavaThread "Finalizer" daemon [_thread_blocked, id=18076, stack(0x0000000019f00000,0x000000001a000000)]
  0x0000000019a20800 JavaThread "Reference Handler" daemon [_thread_blocked, id=16376, stack(0x0000000019e00000,0x0000000019f00000)]
  0x0000000002ae8800 JavaThread "Forwarding executeAsyncScript on session e496f2f5868ce878a1106ceeae731e50 to remote" [_thread_in_native, id=3660, stack(0x00000000029d0000,0x0000000002ad0000)]

Other Threads:
  0x0000000017c44800 VMThread [stack: 0x0000000019900000,0x0000000019a00000] [id=14268]
  0x000000001a17f800 WatcherThread [stack: 0x000000001b110000,0x000000001b210000] [id=12488]

VM state:not at safepoint (normal execution)

VM Mutex/Monitor currently owned by a thread: None

heap address: 0x0000000080000000, size: 2048 MB, Compressed Oops mode: 32-bit
Narrow klass base: 0x0000000000000000, Narrow klass shift: 3
Compressed class space size: 1073741824 Address: 0x0000000100000000

Heap:
 PSYoungGen      total 200704K, used 177404K [0x00000000d5580000, 0x00000000e5180000, 0x0000000100000000)
  eden space 195584K, 90% used [0x00000000d5580000,0x00000000e02bf008,0x00000000e1480000)
  from space 5120K, 0% used [0x00000000e1e00000,0x00000000e1e00000,0x00000000e2300000)
  to   space 9728K, 0% used [0x00000000e1480000,0x00000000e1480000,0x00000000e1e00000)
 ParOldGen       total 75264K, used 23418K [0x0000000080000000, 0x0000000084980000, 0x00000000d5580000)
  object space 75264K, 31% used [0x0000000080000000,0x00000000816deac0,0x0000000084980000)
 Metaspace       used 34206K, capacity 35524K, committed 35752K, reserved 1081344K
  class space    used 3874K, capacity 4243K, committed 4264K, reserved 1048576K

Card table byte_map: [0x0000000011f90000,0x00000000123a0000] byte_map_base: 0x0000000011b90000

Marking Bits: (ParMarkBitMap*) 0x000000006e5f1f00
 Begin Bits: [0x0000000012e50000, 0x0000000014e50000)
 End Bits:   [0x0000000014e50000, 0x0000000016e50000)

Polling page: 0x00000000027d0000

CodeCache: size=245760Kb used=20246Kb max_used=20256Kb free=225514Kb
 bounds [0x0000000002bd0000, 0x0000000003fb0000, 0x0000000011bd0000]
 total_blobs=5658 nmethods=4948 adapters=619
 compilation: enabled

Compilation events (10 events):
Event: 151.431 Thread 0x000000001a148000 nmethod 5696 0x0000000003f9a750 code [0x0000000003f9a920, 0x0000000003f9b378]
Event: 151.432 Thread 0x000000001a140800 5697       4       java.util.Locale::equals (75 bytes)
Event: 151.433 Thread 0x000000001a140800 nmethod 5697 0x0000000003f8fe90 code [0x0000000003f8ffe0, 0x0000000003f900f8]
Event: 151.441 Thread 0x000000001a148000 5698       3       java.lang.CharacterDataLatin1::isJavaIdentifierStart (23 bytes)
Event: 151.441 Thread 0x000000001a148000 nmethod 5698 0x0000000003f9a250 code [0x0000000003f9a3c0, 0x0000000003f9a610]
Event: 151.443 Thread 0x000000001a148000 5699       1       java.util.Locale::getBaseLocale (5 bytes)
Event: 151.443 Thread 0x000000001a148000 nmethod 5699 0x0000000003f7bd90 code [0x0000000003f7bee0, 0x0000000003f7bff0]
Event: 151.480 Thread 0x000000001a148000 5700       3       org.codehaus.groovy.classgen.asm.StatementWriter::writeExpressionStatement (84 bytes)
Event: 151.481 Thread 0x000000001a148000 nmethod 5700 0x0000000003f98490 code [0x0000000003f98720, 0x0000000003f99918]
Event: 151.489 Thread 0x000000001a141800 5701   !   4       com.kms.katalon.core.util.internal.KeywordLoader::getAllClassInPackageJar (184 bytes)

GC Heap History (10 events):
Event: 90.855 GC heap before
{Heap before GC invocations=16 (full 1):
 PSYoungGen      total 199168K, used 199025K [0x00000000d5580000, 0x00000000e2f80000, 0x0000000100000000)
  eden space 194048K, 100% used [0x00000000d5580000,0x00000000e1300000,0x00000000e1300000)
  from space 5120K, 97% used [0x00000000e2a80000,0x00000000e2f5c798,0x00000000e2f80000)
  to   space 9728K, 0% used [0x00000000e1c80000,0x00000000e1c80000,0x00000000e2600000)
 ParOldGen       total 56320K, used 21472K [0x0000000080000000, 0x0000000083700000, 0x00000000d5580000)
  object space 56320K, 38% used [0x0000000080000000,0x00000000814f8348,0x0000000083700000)
 Metaspace       used 33557K, capacity 34780K, committed 34944K, reserved 1079296K
  class space    used 3847K, capacity 4183K, committed 4224K, reserved 1048576K
Event: 90.869 GC heap after
Heap after GC invocations=16 (full 1):
 PSYoungGen      total 192512K, used 5761K [0x00000000d5580000, 0x00000000e2b00000, 0x0000000100000000)
  eden space 186368K, 0% used [0x00000000d5580000,0x00000000d5580000,0x00000000e0b80000)
  from space 6144K, 93% used [0x00000000e1c80000,0x00000000e22207b8,0x00000000e2280000)
  to   space 8704K, 0% used [0x00000000e2280000,0x00000000e2280000,0x00000000e2b00000)
 ParOldGen       total 56320K, used 21480K [0x0000000080000000, 0x0000000083700000, 0x00000000d5580000)
  object space 56320K, 38% used [0x0000000080000000,0x00000000814fa348,0x0000000083700000)
 Metaspace       used 33557K, capacity 34780K, committed 34944K, reserved 1079296K
  class space    used 3847K, capacity 4183K, committed 4224K, reserved 1048576K
}
Event: 123.907 GC heap before
{Heap before GC invocations=17 (full 1):
 PSYoungGen      total 192512K, used 192129K [0x00000000d5580000, 0x00000000e2b00000, 0x0000000100000000)
  eden space 186368K, 100% used [0x00000000d5580000,0x00000000e0b80000,0x00000000e0b80000)
  from space 6144K, 93% used [0x00000000e1c80000,0x00000000e22207b8,0x00000000e2280000)
  to   space 8704K, 0% used [0x00000000e2280000,0x00000000e2280000,0x00000000e2b00000)
 ParOldGen       total 56320K, used 21480K [0x0000000080000000, 0x0000000083700000, 0x00000000d5580000)
  object space 56320K, 38% used [0x0000000080000000,0x00000000814fa348,0x0000000083700000)
 Metaspace       used 33838K, capacity 35104K, committed 35200K, reserved 1081344K
  class space    used 3854K, capacity 4199K, committed 4224K, reserved 1048576K
Event: 123.942 GC heap after
Heap after GC invocations=17 (full 1):
 PSYoungGen      total 185856K, used 6214K [0x00000000d5580000, 0x00000000e2900000, 0x0000000100000000)
  eden space 179200K, 0% used [0x00000000d5580000,0x00000000d5580000,0x00000000e0480000)
  from space 6656K, 93% used [0x00000000e2280000,0x00000000e2891828,0x00000000e2900000)
  to   space 9216K, 0% used [0x00000000e1700000,0x00000000e1700000,0x00000000e2000000)
 ParOldGen       total 56320K, used 21488K [0x0000000080000000, 0x0000000083700000, 0x00000000d5580000)
  object space 56320K, 38% used [0x0000000080000000,0x00000000814fc348,0x0000000083700000)
 Metaspace       used 33838K, capacity 35104K, committed 35200K, reserved 1081344K
  class space    used 3854K, capacity 4199K, committed 4224K, reserved 1048576K
}
Event: 133.275 GC heap before
{Heap before GC invocations=18 (full 1):
 PSYoungGen      total 185856K, used 185414K [0x00000000d5580000, 0x00000000e2900000, 0x0000000100000000)
  eden space 179200K, 100% used [0x00000000d5580000,0x00000000e0480000,0x00000000e0480000)
  from space 6656K, 93% used [0x00000000e2280000,0x00000000e2891828,0x00000000e2900000)
  to   space 9216K, 0% used [0x00000000e1700000,0x00000000e1700000,0x00000000e2000000)
 ParOldGen       total 56320K, used 21488K [0x0000000080000000, 0x0000000083700000, 0x00000000d5580000)
  object space 56320K, 38% used [0x0000000080000000,0x00000000814fc348,0x0000000083700000)
 Metaspace       used 34110K, capacity 35398K, committed 35456K, reserved 1081344K
  class space    used 3864K, capacity 4223K, committed 4224K, reserved 1048576K
Event: 133.281 GC heap after
Heap after GC invocations=18 (full 1):
 PSYoungGen      total 179712K, used 6784K [0x00000000d5580000, 0x00000000e2300000, 0x0000000100000000)
  eden space 172544K, 0% used [0x00000000d5580000,0x00000000d5580000,0x00000000dfe00000)
  from space 7168K, 94% used [0x00000000e1700000,0x00000000e1da0210,0x00000000e1e00000)
  to   space 5120K, 0% used [0x00000000e1e00000,0x00000000e1e00000,0x00000000e2300000)
 ParOldGen       total 56320K, used 21496K [0x0000000080000000, 0x0000000083700000, 0x00000000d5580000)
  object space 56320K, 38% used [0x0000000080000000,0x00000000814fe348,0x0000000083700000)
 Metaspace       used 34110K, capacity 35398K, committed 35456K, reserved 1081344K
  class space    used 3864K, capacity 4223K, committed 4224K, reserved 1048576K
}
Event: 133.285 GC heap before
{Heap before GC invocations=19 (full 1):
 PSYoungGen      total 179712K, used 10182K [0x00000000d5580000, 0x00000000e2300000, 0x0000000100000000)
  eden space 172544K, 1% used [0x00000000d5580000,0x00000000d58d1890,0x00000000dfe00000)
  from space 7168K, 94% used [0x00000000e1700000,0x00000000e1da0210,0x00000000e1e00000)
  to   space 5120K, 0% used [0x00000000e1e00000,0x00000000e1e00000,0x00000000e2300000)
 ParOldGen       total 56320K, used 21496K [0x0000000080000000, 0x0000000083700000, 0x00000000d5580000)
  object space 56320K, 38% used [0x0000000080000000,0x00000000814fe348,0x0000000083700000)
 Metaspace       used 34125K, capacity 35404K, committed 35496K, reserved 1081344K
  class space    used 3865K, capacity 4225K, committed 4264K, reserved 1048576K
Event: 133.291 GC heap after
Heap after GC invocations=19 (full 1):
 PSYoungGen      total 200704K, used 5109K [0x00000000d5580000, 0x00000000e5180000, 0x0000000100000000)
  eden space 195584K, 0% used [0x00000000d5580000,0x00000000d5580000,0x00000000e1480000)
  from space 5120K, 99% used [0x00000000e1e00000,0x00000000e22fd748,0x00000000e2300000)
  to   space 9728K, 0% used [0x00000000e1480000,0x00000000e1480000,0x00000000e1e00000)
 ParOldGen       total 56320K, used 22954K [0x0000000080000000, 0x0000000083700000, 0x00000000d5580000)
  object space 56320K, 40% used [0x0000000080000000,0x000000008166a818,0x0000000083700000)
 Metaspace       used 34125K, capacity 35404K, committed 35496K, reserved 1081344K
  class space    used 3865K, capacity 4225K, committed 4264K, reserved 1048576K
}
Event: 133.291 GC heap before
{Heap before GC invocations=20 (full 2):
 PSYoungGen      total 200704K, used 5109K [0x00000000d5580000, 0x00000000e5180000, 0x0000000100000000)
  eden space 195584K, 0% used [0x00000000d5580000,0x00000000d5580000,0x00000000e1480000)
  from space 5120K, 99% used [0x00000000e1e00000,0x00000000e22fd748,0x00000000e2300000)
  to   space 9728K, 0% used [0x00000000e1480000,0x00000000e1480000,0x00000000e1e00000)
 ParOldGen       total 56320K, used 22954K [0x0000000080000000, 0x0000000083700000, 0x00000000d5580000)
  object space 56320K, 40% used [0x0000000080000000,0x000000008166a818,0x0000000083700000)
 Metaspace       used 34125K, capacity 35404K, committed 35496K, reserved 1081344K
  class space    used 3865K, capacity 4225K, committed 4264K, reserved 1048576K
Event: 133.589 GC heap after
Heap after GC invocations=20 (full 2):
 PSYoungGen      total 200704K, used 0K [0x00000000d5580000, 0x00000000e5180000, 0x0000000100000000)
  eden space 195584K, 0% used [0x00000000d5580000,0x00000000d5580000,0x00000000e1480000)
  from space 5120K, 0% used [0x00000000e1e00000,0x00000000e1e00000,0x00000000e2300000)
  to   space 9728K, 0% used [0x00000000e1480000,0x00000000e1480000,0x00000000e1e00000)
 ParOldGen       total 75264K, used 23418K [0x0000000080000000, 0x0000000084980000, 0x00000000d5580000)
  object space 75264K, 31% used [0x0000000080000000,0x00000000816deac0,0x0000000084980000)
 Metaspace       used 34118K, capacity 35388K, committed 35496K, reserved 1081344K
  class space    used 3862K, capacity 4221K, committed 4264K, reserved 1048576K
}

Deoptimization events (10 events):
Event: 21.154 Thread 0x0000000002ae8800 Uncommon trap: reason=unstable_if action=reinterpret pc=0x00000000037e3ef8 method=java.util.regex.Pattern$Curly.match0(Ljava/util/regex/Matcher;IILjava/lang/CharSequence;)Z @ 5
Event: 25.309 Thread 0x0000000002ae8800 Uncommon trap: reason=unstable_if action=reinterpret pc=0x00000000037bddb0 method=java.lang.Character.isHighSurrogate(C)Z @ 3
Event: 36.328 Thread 0x0000000002ae8800 Uncommon trap: reason=unstable_if action=reinterpret pc=0x000000000313af48 method=java.util.regex.Matcher.appendReplacement(Ljava/lang/StringBuffer;Ljava/lang/String;)Ljava/util/regex/Matcher; @ 47
Event: 36.666 Thread 0x0000000002ae8800 Uncommon trap: reason=range_check action=make_not_entrant pc=0x0000000002dd74e0 method=java.lang.String.charAt(I)C @ 27
Event: 37.201 Thread 0x0000000002ae8800 Uncommon trap: reason=class_check action=maybe_recompile pc=0x000000000369265c method=java.util.HashSet.contains(Ljava/lang/Object;)Z @ 5
Event: 37.201 Thread 0x0000000002ae8800 Uncommon trap: reason=class_check action=maybe_recompile pc=0x000000000369265c method=java.util.HashSet.contains(Ljava/lang/Object;)Z @ 5
Event: 44.387 Thread 0x0000000002ae8800 Uncommon trap: reason=unstable_if action=reinterpret pc=0x00000000031c7f80 method=java.util.Base64$Decoder.decode0([BII[B)I @ 67
Event: 76.201 Thread 0x0000000002ae8800 Uncommon trap: reason=unstable_if action=reinterpret pc=0x0000000002e6da18 method=java.util.Base64$Decoder.outLength([BII)I @ 78
Event: 76.201 Thread 0x0000000002ae8800 Uncommon trap: reason=unstable_if action=reinterpret pc=0x0000000003435a18 method=java.util.Base64$Decoder.decode0([BII[B)I @ 30
Event: 100.604 Thread 0x0000000002ae8800 Uncommon trap: reason=unstable_if action=reinterpret pc=0x000000000393593c method=org.codehaus.groovy.ast.ClassNode.getInterfaces()[Lorg/codehaus/groovy/ast/ClassNode; @ 7

Classes redefined (0 events):
No events

Internal exceptions (10 events):
Event: 151.468 Thread 0x0000000002ae8800 Exception <a 'java/security/PrivilegedActionException'> (0x00000000df99b300) thrown at [C:\jenkins\workspace\zulu8-silver-build-win64\zulu-src\hotspot\src\share\vm\prims\jvm.cpp, line 1529]
Event: 151.468 Thread 0x0000000002ae8800 Exception <a 'java/security/PrivilegedActionException'> (0x00000000df99b8e0) thrown at [C:\jenkins\workspace\zulu8-silver-build-win64\zulu-src\hotspot\src\share\vm\prims\jvm.cpp, line 1529]
Event: 151.475 Thread 0x0000000002ae8800 Exception <a 'java/security/PrivilegedActionException'> (0x00000000dfb9a7e8) thrown at [C:\jenkins\workspace\zulu8-silver-build-win64\zulu-src\hotspot\src\share\vm\prims\jvm.cpp, line 1529]
Event: 151.475 Thread 0x0000000002ae8800 Exception <a 'java/security/PrivilegedActionException'> (0x00000000dfb9adc8) thrown at [C:\jenkins\workspace\zulu8-silver-build-win64\zulu-src\hotspot\src\share\vm\prims\jvm.cpp, line 1529]
Event: 151.475 Thread 0x0000000002ae8800 Exception <a 'java/security/PrivilegedActionException'> (0x00000000dfbae578) thrown at [C:\jenkins\workspace\zulu8-silver-build-win64\zulu-src\hotspot\src\share\vm\prims\jvm.cpp, line 1529]
Event: 151.475 Thread 0x0000000002ae8800 Exception <a 'java/security/PrivilegedActionException'> (0x00000000dfbaeb58) thrown at [C:\jenkins\workspace\zulu8-silver-build-win64\zulu-src\hotspot\src\share\vm\prims\jvm.cpp, line 1529]
Event: 151.485 Thread 0x0000000002ae8800 Exception <a 'java/lang/ClassNotFoundException': Script1BeanInfo> (0x00000000dfd58d68) thrown at [C:\jenkins\workspace\zulu8-silver-build-win64\zulu-src\hotspot\src\share\vm\classfile\systemDictionary.cpp, line 220]
Event: 151.487 Thread 0x0000000002ae8800 Exception <a 'java/lang/ClassNotFoundException': Script1Customizer> (0x00000000dfdde4e0) thrown at [C:\jenkins\workspace\zulu8-silver-build-win64\zulu-src\hotspot\src\share\vm\classfile\systemDictionary.cpp, line 220]
Event: 151.503 Thread 0x0000000002ae8800 Exception <a 'java/net/SocketTimeoutException': Read timed out> (0x00000000dffd1e88) thrown at [C:\jenkins\workspace\zulu8-silver-build-win64\zulu-src\hotspot\src\share\vm\prims\jni.cpp, line 738]
Event: 151.641 Thread 0x0000000002ae8800 Exception <a 'java/net/SocketTimeoutException': Read timed out> (0x00000000dffea7e0) thrown at [C:\jenkins\workspace\zulu8-silver-build-win64\zulu-src\hotspot\src\share\vm\prims\jni.cpp, line 738]

Events (10 events):
Event: 151.485 loading class Script1BeanInfo
Event: 151.485 loading class Script1BeanInfo done
Event: 151.485 loading class Script1Customizer
Event: 151.485 loading class Script1Customizer done
Event: 151.486 loading class Script1Customizer
Event: 151.486 loading class Script1Customizer done
Event: 151.487 loading class Script1Customizer
Event: 151.487 loading class Script1Customizer done
Event: 151.489 Thread 0x0000000002ae8800 DEOPT PACKING pc=0x0000000003ad4881 sp=0x0000000002acd980
Event: 151.490 Thread 0x0000000002ae8800 DEOPT UNPACKING pc=0x0000000002c176d0 sp=0x0000000002acd798 mode 0


Dynamic libraries:
0x00007ff73b120000 - 0x00007ff73b155000 	C:\Users\Srinivas Dasari\Downloads\Katalon_Studio_Windows_64-8.3.5\Katalon_Studio_Windows_64-8.3.5\jre\bin\javaw.exe
0x00007ffe5d110000 - 0x00007ffe5d327000 	C:\WINDOWS\SYSTEM32\ntdll.dll
0x00007ffe5bf20000 - 0x00007ffe5bfe4000 	C:\WINDOWS\System32\KERNEL32.dll
0x00007ffe5a280000 - 0x00007ffe5a39b000 	C:\Windows\system32\hmpalert.dll
0x00007ffe5a890000 - 0x00007ffe5ac35000 	C:\WINDOWS\System32\KERNELBASE.dll
0x00007ffe5c8f0000 - 0x00007ffe5c9a1000 	C:\WINDOWS\System32\ADVAPI32.dll
0x00007ffe5ae60000 - 0x00007ffe5af07000 	C:\WINDOWS\System32\msvcrt.dll
0x00007ffe5c480000 - 0x00007ffe5c526000 	C:\WINDOWS\System32\sechost.dll
0x00007ffe5cfb0000 - 0x00007ffe5d0c7000 	C:\WINDOWS\System32\RPCRT4.dll
0x00007ffe5c9b0000 - 0x00007ffe5cb5e000 	C:\WINDOWS\System32\USER32.dll
0x00007ffe5acc0000 - 0x00007ffe5ace6000 	C:\WINDOWS\System32\win32u.dll
0x00007ffe5c8c0000 - 0x00007ffe5c8e9000 	C:\WINDOWS\System32\GDI32.dll
0x00007ffe5a6b0000 - 0x00007ffe5a7c9000 	C:\WINDOWS\System32\gdi32full.dll
0x00007ffe5a610000 - 0x00007ffe5a6aa000 	C:\WINDOWS\System32\msvcp_win.dll
0x00007ffe5a480000 - 0x00007ffe5a591000 	C:\WINDOWS\System32\ucrtbase.dll
0x00007ffe3d680000 - 0x00007ffe3d913000 	C:\WINDOWS\WinSxS\amd64_microsoft.windows.common-controls_6595b64144ccf1df_6.0.22621.2506_none_270c5ae97388e100\COMCTL32.dll
0x00007ffe5af10000 - 0x00007ffe5af41000 	C:\WINDOWS\System32\IMM32.DLL
0x000000006e740000 - 0x000000006e812000 	C:\Users\Srinivas Dasari\Downloads\Katalon_Studio_Windows_64-8.3.5\Katalon_Studio_Windows_64-8.3.5\jre\bin\msvcr100.dll
0x000000006ddb0000 - 0x000000006e675000 	C:\Users\Srinivas Dasari\Downloads\Katalon_Studio_Windows_64-8.3.5\Katalon_Studio_Windows_64-8.3.5\jre\bin\server\jvm.dll
0x00007ffe5cb60000 - 0x00007ffe5cb68000 	C:\WINDOWS\System32\PSAPI.DLL
0x00007ffe50370000 - 0x00007ffe503a4000 	C:\WINDOWS\SYSTEM32\WINMM.dll
0x00007ffe41780000 - 0x00007ffe41789000 	C:\WINDOWS\SYSTEM32\WSOCK32.dll
0x00007ffe5b640000 - 0x00007ffe5b6b1000 	C:\WINDOWS\System32\WS2_32.dll
0x00007ffe58fb0000 - 0x00007ffe58fba000 	C:\WINDOWS\SYSTEM32\VERSION.dll
0x00007ffe54b30000 - 0x00007ffe54b3f000 	C:\Users\Srinivas Dasari\Downloads\Katalon_Studio_Windows_64-8.3.5\Katalon_Studio_Windows_64-8.3.5\jre\bin\verify.dll
0x00007ffe509b0000 - 0x00007ffe509d9000 	C:\Users\Srinivas Dasari\Downloads\Katalon_Studio_Windows_64-8.3.5\Katalon_Studio_Windows_64-8.3.5\jre\bin\java.dll
0x00007ffe50990000 - 0x00007ffe509a6000 	C:\Users\Srinivas Dasari\Downloads\Katalon_Studio_Windows_64-8.3.5\Katalon_Studio_Windows_64-8.3.5\jre\bin\zip.dll
0x00007ffe5b6c0000 - 0x00007ffe5bf19000 	C:\WINDOWS\System32\SHELL32.dll
0x00007ffe580b0000 - 0x00007ffe589a4000 	C:\WINDOWS\SYSTEM32\windows.storage.dll
0x00007ffe5c530000 - 0x00007ffe5c8b9000 	C:\WINDOWS\System32\combase.dll
0x00007ffe57f70000 - 0x00007ffe580ae000 	C:\WINDOWS\SYSTEM32\wintypes.dll
0x00007ffe5b540000 - 0x00007ffe5b633000 	C:\WINDOWS\System32\SHCORE.dll
0x00007ffe5cb70000 - 0x00007ffe5cbce000 	C:\WINDOWS\System32\shlwapi.dll
0x00007ffe5a3b0000 - 0x00007ffe5a3d6000 	C:\WINDOWS\SYSTEM32\profapi.dll
0x00007ffe50970000 - 0x00007ffe5098b000 	C:\Users\Srinivas Dasari\Downloads\Katalon_Studio_Windows_64-8.3.5\Katalon_Studio_Windows_64-8.3.5\jre\bin\net.dll
0x00007ffe597e0000 - 0x00007ffe59849000 	C:\WINDOWS\system32\mswsock.dll
0x00007ffe50950000 - 0x00007ffe50961000 	C:\Users\Srinivas Dasari\Downloads\Katalon_Studio_Windows_64-8.3.5\Katalon_Studio_Windows_64-8.3.5\jre\bin\nio.dll
0x00007ffe58c70000 - 0x00007ffe58d69000 	C:\WINDOWS\SYSTEM32\DNSAPI.dll
0x00007ffe58c00000 - 0x00007ffe58c2d000 	C:\WINDOWS\SYSTEM32\IPHLPAPI.DLL
0x00007ffe5bff0000 - 0x00007ffe5bff9000 	C:\WINDOWS\System32\NSI.dll
0x00007ffe50340000 - 0x00007ffe5034a000 	C:\Windows\System32\rasadhlp.dll
0x00007ffe536b0000 - 0x00007ffe53733000 	C:\WINDOWS\System32\fwpuclnt.dll
0x00007ffe53620000 - 0x00007ffe53644000 	C:\Users\Srinivas Dasari\Downloads\Katalon_Studio_Windows_64-8.3.5\Katalon_Studio_Windows_64-8.3.5\jre\bin\sunec.dll
0x00007ffe54b20000 - 0x00007ffe54b2c000 	C:\Users\Srinivas Dasari\Downloads\Katalon_Studio_Windows_64-8.3.5\Katalon_Studio_Windows_64-8.3.5\jre\bin\sunmscapi.dll
0x00007ffe5acf0000 - 0x00007ffe5ae56000 	C:\WINDOWS\System32\CRYPT32.dll
0x00007ffe59bf0000 - 0x00007ffe59c1d000 	C:\WINDOWS\SYSTEM32\ncrypt.dll
0x00007ffe59bb0000 - 0x00007ffe59be7000 	C:\WINDOWS\SYSTEM32\NTASN1.dll
0x00007ffe59a30000 - 0x00007ffe59a4b000 	C:\WINDOWS\SYSTEM32\CRYPTSP.dll
0x00007ffe592c0000 - 0x00007ffe592f5000 	C:\WINDOWS\system32\rsaenh.dll
0x00007ffe598d0000 - 0x00007ffe598fc000 	C:\WINDOWS\SYSTEM32\USERENV.dll
0x00007ffe59c20000 - 0x00007ffe59c48000 	C:\WINDOWS\SYSTEM32\bcrypt.dll
0x00007ffe5ac40000 - 0x00007ffe5acba000 	C:\WINDOWS\System32\bcryptprimitives.dll
0x00007ffe59a50000 - 0x00007ffe59a5c000 	C:\WINDOWS\SYSTEM32\CRYPTBASE.dll
0x00007ffe53d80000 - 0x00007ffe53d99000 	C:\WINDOWS\SYSTEM32\dhcpcsvc6.DLL
0x00007ffe53d60000 - 0x00007ffe53d7f000 	C:\WINDOWS\SYSTEM32\dhcpcsvc.DLL
0x00007ffe05b50000 - 0x00007ffe05b67000 	C:\WINDOWS\system32\napinsp.dll
0x00007ffdfb990000 - 0x00007ffdfb9ab000 	C:\WINDOWS\system32\pnrpnsp.dll
0x00007ffdfb970000 - 0x00007ffdfb981000 	C:\WINDOWS\System32\winrnr.dll
0x00007ffe31a00000 - 0x00007ffe31a15000 	C:\WINDOWS\system32\wshbth.dll
0x00007ffdf8900000 - 0x00007ffdf8921000 	C:\WINDOWS\system32\nlansp_c.dll

VM Arguments:
jvm_args: -Dgroovy.home=C:\Users\Srinivas Dasari/.groovy -Djava.system.class.loader=groovy.lang.GroovyClassLoader -Xmx2048m -Dfile.encoding=UTF-8 
java_command: org.codehaus.groovy.tools.GroovyStarter --classpath C:\Users\Srinivas Dasari\Katalon Studio\test1\bin\keyword;C:\Users\Srinivas Dasari\Katalon Studio\test1\Keywords;C:\Users\Srinivas Dasari\Katalon Studio\test1\bin\listener;C:\Users\Srinivas Dasari\Katalon Studio\test1\Test Listeners;C:\Users\Srinivas Dasari\Katalon Studio\test1\bin\lib;C:\Users\Srinivas Dasari\Katalon Studio\test1\Libs;C:\Users\Srinivas Dasari\Katalon Studio\test1\bin\groovy;C:\Users\Srinivas Dasari\Katalon Studio\test1\Include\scripts\groovy;C:\Users\Srinivas Dasari\Downloads\Katalon_Studio_Windows_64-8.3.5\Katalon_Studio_Windows_64-8.3.5\plugins\com.kms.katalon.core_1.0.0.202205100347.jar;C:\Users\Srinivas Dasari\Downloads\Katalon_Studio_Windows_64-8.3.5\Katalon_Studio_Windows_64-8.3.5\configuration\resources\lib\aalto-xml-1.0.0.jar;C:\Users\Srinivas Dasari\Downloads\Katalon_Studio_Windows_64-8.3.5\Katalon_Studio_Windows_64-8.3.5\configuration\resources\lib\aspectjweaver-1.9.1.jar;C:\Users\Srinivas Dasari\Downloads\Katalon_Studio_Windows_64-8.3.5\Katalon_Studio_Windows_64-8.3.5\configuration\resources\lib\bcpkix-jdk15on-1.64.jar;C:\Users\Srinivas Dasari\Downloads\Katalon_Studio_Windows_64-8.3.5\Katalon_Studio_Windows_64-8.3.5\configuration\resources\lib\bcprov-jdk15on-1.64.jar;C:\Users\Srinivas Dasari\Downloads\Katalon_Studio_Windows_64-8.3.5\Katalon_Studio_Windows_64-8.3.5\configuration\resources\lib\browsermob-core-2.1.5.jar;C:\Users\Srinivas Dasari\Downloads\Katalon_Studio_Windows_64-8.3.5\Katalon_Studio_Windows_64-8.3.5\configuration\resources\lib\cglib-3.2.10.jar;C:\Users\Srinivas Dasari\Downloads\Katalon_Studio_Windows_64-8.3.5\Katalon_Studio_Windows_64-8.3.5\configuration\resources\lib\commons-codec-1.10.jar;C:\Users\Srinivas Dasari\Downloads\Katalon_Studio_Windows_64-8.3.5\Katalon_Studio_Windows_64-8.3.5\configuration\resources\lib\commons-collections4-4.1.jar;C:\Users\Srinivas Dasari\Downloads\Katalon_Studio_Windows_64-8.3.5\Katalon_Studio_Windows_64-8.3.5\configuration\r
java_class_path (initial): C:\Users\Srinivas Dasari\Katalon Studio\test1\bin\keyword;C:\Users\Srinivas Dasari\Katalon Studio\test1\bin\listener;C:\Users\Srinivas Dasari\Katalon Studio\test1\bin\lib;C:\Users\Srinivas Dasari\Katalon Studio\test1\bin\groovy;C:\Users\Srinivas Dasari\Katalon Studio\test1\bin;C:\Users\Srinivas Dasari\Downloads\Katalon_Studio_Windows_64-8.3.5\Katalon_Studio_Windows_64-8.3.5\plugins\com.kms.katalon.core_1.0.0.202205100347.jar;C:\Users\Srinivas Dasari\Downloads\Katalon_Studio_Windows_64-8.3.5\Katalon_Studio_Windows_64-8.3.5\configuration\resources\lib\aalto-xml-1.0.0.jar;C:\Users\Srinivas Dasari\Downloads\Katalon_Studio_Windows_64-8.3.5\Katalon_Studio_Windows_64-8.3.5\configuration\resources\lib\aspectjweaver-1.9.1.jar;C:\Users\Srinivas Dasari\Downloads\Katalon_Studio_Windows_64-8.3.5\Katalon_Studio_Windows_64-8.3.5\configuration\resources\lib\bcpkix-jdk15on-1.64.jar;C:\Users\Srinivas Dasari\Downloads\Katalon_Studio_Windows_64-8.3.5\Katalon_Studio_Windows_64-8.3.5\configuration\resources\lib\bcprov-jdk15on-1.64.jar;C:\Users\Srinivas Dasari\Downloads\Katalon_Studio_Windows_64-8.3.5\Katalon_Studio_Windows_64-8.3.5\configuration\resources\lib\browsermob-core-2.1.5.jar;C:\Users\Srinivas Dasari\Downloads\Katalon_Studio_Windows_64-8.3.5\Katalon_Studio_Windows_64-8.3.5\configuration\resources\lib\cglib-3.2.10.jar;C:\Users\Srinivas Dasari\Downloads\Katalon_Studio_Windows_64-8.3.5\Katalon_Studio_Windows_64-8.3.5\configuration\resources\lib\commons-codec-1.10.jar;C:\Users\Srinivas Dasari\Downloads\Katalon_Studio_Windows_64-8.3.5\Katalon_Studio_Windows_64-8.3.5\configuration\resources\lib\commons-collections4-4.1.jar;C:\Users\Srinivas Dasari\Downloads\Katalon_Studio_Windows_64-8.3.5\Katalon_Studio_Windows_64-8.3.5\configuration\resources\lib\commons-validator-1.6.jar;C:\Users\Srinivas Dasari\Downloads\Katalon_Studio_Windows_64-8.3.5\Katalon_Studio_Windows_64-8.3.5\configuration\resources\lib\curvesapi-1.04.jar;C:\Users\Srinivas Dasari\Downloads\Katal
Launcher Type: SUN_STANDARD

Environment Variables:
PATH=C:/Users/Srinivas Dasari/Downloads/Katalon_Studio_Windows_64-8.3.5/Katalon_Studio_Windows_64-8.3.5/jre/bin/server;C:/Users/Srinivas Dasari/Downloads/Katalon_Studio_Windows_64-8.3.5/Katalon_Studio_Windows_64-8.3.5/jre/bin;C:/Users/Srinivas Dasari/Downloads/Katalon_Studio_Windows_64-8.3.5/Katalon_Studio_Windows_64-8.3.5/jre/lib/amd64;C:\Users\Srinivas Dasari\AppData\Local\Programs\Python\Python310\Scripts\;C:\WINDOWS\system32;C:\WINDOWS;C:\WINDOWS\System32\Wbem;C:\WINDOWS\System32\WindowsPowerShell\v1.0\;C:\WINDOWS\System32\OpenSSH\;C:\Program Files (x86)\ATI Technologies\ATI.ACE\Core-Static;C:\Program Files (x86)\dotnet\;C:\Users\Srinivas Dasari\AppData\Local\Programs\Python\Python310\Scripts;C:\Program Files\Git\cmd;C:\Users\Srinivas Dasari\AppData\Local\Programs\Python\Python310\Scripts\;C:\Users\Srinivas Dasari\AppData\Local\Programs\Python\Python310\;C:\Users\Srinivas Dasari\AppData\Local\Microsoft\WindowsApps;;C:\Program Files\JetBrains\PyCharm Community Edition 2022.1.2\bin;;C:\Program Files (x86)\BrowserStackLocal\;C:\Users\Srinivas Dasari\Downloads\Katalon_Studio_Windows_64-8.3.5\Katalon_Studio_Windows_64-8.3.5;
USERNAME=Srinivas Dasari
OS=Windows_NT
PROCESSOR_IDENTIFIER=Intel64 Family 6 Model 142 Stepping 12, GenuineIntel



---------------  S Y S T E M  ---------------

OS: Windows 10.0 , 64 bit Build 22621 (10.0.22621.2506)

CPU:total 8 (initial active 8) (4 cores per cpu, 2 threads per core) family 6 model 142 stepping 12, cmov, cx8, fxsr, mmx, sse, sse2, sse3, ssse3, sse4.1, sse4.2, popcnt, avx, avx2, aes, clmul, erms, 3dnowpref, lzcnt, ht, tsc, tscinvbit, bmi1, bmi2, adx

Memory: 4k page, physical 8227308k(466076k free), swap 33393132k(3500k free)

vm_info: OpenJDK 64-Bit Server VM (25.282-b08) for windows-amd64 JRE (Zulu 8.52.0.23-CA-win64) (1.8.0_282-b08), built on Jan 12 2021 07:45:49 by "tester" with MS VC++ 10.0 (VS2010)

time: Wed Dec 13 18:02:56 2023
timezone: India Standard Time
elapsed time: 151.696563 seconds (0d 0h 2m 31s)

