#
# There is insufficient memory for the Java Runtime Environment to continue.
# Native memory allocation (malloc) failed to allocate 1095696 bytes for Chunk::new
# Possible reasons:
#   The system is out of physical RAM or swap space
#   The process is running with CompressedOops enabled, and the Java Heap may be blocking the growth of the native heap
# Possible solutions:
#   Reduce memory load on the system
#   Increase physical memory or swap space
#   Check if swap backing store is full
#   Decrease Java heap size (-Xmx/-Xms)
#   Decrease number of Java threads
#   Decrease Java thread stack sizes (-Xss)
#   Set larger code cache with -XX:ReservedCodeCacheSize=
#   JVM is running with Unscaled Compressed Oops mode in which the Java heap is
#     placed in the first 4GB address space. The Java Heap base address is the
#     maximum limit for the native heap growth. Please use -XX:HeapBaseMinAddress
#     to set the Java Heap base and to place the Java Heap above 4GB virtual address.
# This output file may be truncated or incomplete.
#
#  Out of Memory Error (allocation.cpp:389), pid=8248, tid=0x0000000000004cd4
#
# JRE version: OpenJDK Runtime Environment (Zulu 8.52.0.23-CA-win64) (8.0_282-b08) (build 1.8.0_282-b08)
# Java VM: OpenJDK 64-Bit Server VM (25.282-b08 mixed mode windows-amd64 compressed oops)
# Failed to write core dump. Minidumps are not enabled by default on client versions of Windows
#

---------------  T H R E A D  ---------------

Current thread (0x000000001ac1f000):  JavaThread "C2 CompilerThread1" daemon [_thread_in_native, id=19668, stack(0x000000001b6e0000,0x000000001b7e0000)]

Stack: [0x000000001b6e0000,0x000000001b7e0000]
[error occurred during error reporting (printing stack bounds), id 0xc0000005]

Native frames: (J=compiled Java code, j=interpreted, Vv=VM code, C=native code)


Current CompileTask:
C2:   8183 1682       4       org.codehaus.groovy.reflection.CachedMethod::compareTo (25 bytes)


---------------  P R O C E S S  ---------------

Java Threads: ( => current thread )
  0x000000001a8c4800 JavaThread "Service Thread" daemon [_thread_blocked, id=15676, stack(0x000000001bae0000,0x000000001bbe0000)]
  0x000000001ac26000 JavaThread "C1 CompilerThread3" daemon [_thread_in_vm, id=12088, stack(0x000000001b9e0000,0x000000001bae0000)]
  0x000000001ac20000 JavaThread "C2 CompilerThread2" daemon [_thread_blocked, id=14008, stack(0x000000001b7e0000,0x000000001b8e0000)]
=>0x000000001ac1f000 JavaThread "C2 CompilerThread1" daemon [_thread_in_native, id=19668, stack(0x000000001b6e0000,0x000000001b7e0000)]
  0x000000001ac1e800 JavaThread "C2 CompilerThread0" daemon [_thread_blocked, id=7884, stack(0x000000001b5e0000,0x000000001b6e0000)]
  0x000000001ac12800 JavaThread "Attach Listener" daemon [_thread_blocked, id=3644, stack(0x000000001b4e0000,0x000000001b5e0000)]
  0x000000001ac11800 JavaThread "Signal Dispatcher" daemon [_thread_blocked, id=10172, stack(0x000000001b3e0000,0x000000001b4e0000)]
  0x000000001a507000 JavaThread "Finalizer" daemon [_thread_blocked, id=10076, stack(0x000000001a9e0000,0x000000001aae0000)]
  0x000000001a500800 JavaThread "Reference Handler" daemon [_thread_blocked, id=6944, stack(0x000000001a8e0000,0x000000001a9e0000)]
  0x0000000003598800 JavaThread "main" [_thread_in_vm, id=1480, stack(0x0000000003460000,0x0000000003560000)]

Other Threads:
  0x0000000018724000 VMThread [stack: 0x000000001a3e0000,0x000000001a4e0000] [id=20064]
  0x000000001ac4f000 WatcherThread [stack: 0x000000001bbe0000,0x000000001bce0000] [id=17752]

VM state:not at safepoint (normal execution)

VM Mutex/Monitor currently owned by a thread: None

heap address: 0x0000000080000000, size: 2048 MB, Compressed Oops mode: 32-bit
Narrow klass base: 0x0000000000000000, Narrow klass shift: 3
Compressed class space size: 1073741824 Address: 0x0000000100000000

Heap:
 PSYoungGen      total 36864K, used 14460K [0x00000000d5580000, 0x00000000d8180000, 0x0000000100000000)
  eden space 29696K, 33% used [0x00000000d5580000,0x00000000d5f59d28,0x00000000d7280000)
  from space 7168K, 61% used [0x00000000d7a80000,0x00000000d7ec52e8,0x00000000d8180000)
  to   space 7680K, 0% used [0x00000000d7280000,0x00000000d7280000,0x00000000d7a00000)
 ParOldGen       total 86016K, used 6525K [0x0000000080000000, 0x0000000085400000, 0x00000000d5580000)
  object space 86016K, 7% used [0x0000000080000000,0x000000008065f538,0x0000000085400000)
 Metaspace       used 20486K, capacity 20716K, committed 20864K, reserved 1069056K
  class space    used 2272K, capacity 2391K, committed 2432K, reserved 1048576K

Card table byte_map: [0x0000000012a40000,0x0000000012e50000] byte_map_base: 0x0000000012640000

Marking Bits: (ParMarkBitMap*) 0x000000006e5f1f00
 Begin Bits: [0x0000000013900000, 0x0000000015900000)
 End Bits:   [0x0000000015900000, 0x0000000017900000)

Polling page: 0x0000000001c60000

CodeCache: size=245760Kb used=7327Kb max_used=7343Kb free=238432Kb
 bounds [0x0000000003680000, 0x0000000003db0000, 0x0000000012680000]
 total_blobs=2380 nmethods=1762 adapters=529
 compilation: enabled

Compilation events (10 events):
Event: 8.172 Thread 0x000000001ac26000 1752       3       sun.misc.ProxyGenerator$ConstantPool::getClass (21 bytes)
Event: 8.172 Thread 0x000000001ac1e800 nmethod 1753 0x0000000003d8e410 code [0x0000000003d8e540, 0x0000000003d8e5b8]
Event: 8.172 Thread 0x000000001ac26000 nmethod 1752 0x0000000003d8da90 code [0x0000000003d8dc40, 0x0000000003d8e148]
Event: 8.172 Thread 0x000000001ac26000 1754       3       java.util.HashMap::get (23 bytes)
Event: 8.172 Thread 0x000000001ac26000 nmethod 1754 0x0000000003d8d390 code [0x0000000003d8d520, 0x0000000003d8d918]
Event: 8.172 Thread 0x000000001ac26000 1750       3       sun.misc.ProxyGenerator$ConstantPool::getNameAndType (30 bytes)
Event: 8.172 Thread 0x000000001ac26000 nmethod 1750 0x0000000003d8c690 code [0x0000000003d8c880, 0x0000000003d8cf68]
Event: 8.172 Thread 0x000000001ac26000 1757       3       sun.misc.ProxyGenerator$ConstantPool$IndirectEntry::write (61 bytes)
Event: 8.173 Thread 0x000000001ac26000 nmethod 1757 0x0000000003d8e610 code [0x0000000003d8e800, 0x0000000003d8f308]
Event: 8.173 Thread 0x000000001ac26000 1755       3       sun.misc.ProxyGenerator$ConstantPool$ValueEntry::write (190 bytes)

GC Heap History (10 events):
Event: 6.592 GC heap before
{Heap before GC invocations=4 (full 0):
 PSYoungGen      total 37888K, used 37877K [0x00000000d5580000, 0x00000000d7f80000, 0x0000000100000000)
  eden space 32768K, 100% used [0x00000000d5580000,0x00000000d7580000,0x00000000d7580000)
  from space 5120K, 99% used [0x00000000d7580000,0x00000000d7a7d790,0x00000000d7a80000)
  to   space 5120K, 0% used [0x00000000d7a80000,0x00000000d7a80000,0x00000000d7f80000)
 ParOldGen       total 86016K, used 16K [0x0000000080000000, 0x0000000085400000, 0x00000000d5580000)
  object space 86016K, 0% used [0x0000000080000000,0x0000000080004000,0x0000000085400000)
 Metaspace       used 10562K, capacity 10774K, committed 11008K, reserved 1058816K
  class space    used 1156K, capacity 1209K, committed 1280K, reserved 1048576K
Event: 6.595 GC heap after
Heap after GC invocations=4 (full 0):
 PSYoungGen      total 37888K, used 4398K [0x00000000d5580000, 0x00000000d7f80000, 0x0000000100000000)
  eden space 32768K, 0% used [0x00000000d5580000,0x00000000d5580000,0x00000000d7580000)
  from space 5120K, 85% used [0x00000000d7a80000,0x00000000d7ecba28,0x00000000d7f80000)
  to   space 5120K, 0% used [0x00000000d7580000,0x00000000d7580000,0x00000000d7a80000)
 ParOldGen       total 86016K, used 24K [0x0000000080000000, 0x0000000085400000, 0x00000000d5580000)
  object space 86016K, 0% used [0x0000000080000000,0x0000000080006000,0x0000000085400000)
 Metaspace       used 10562K, capacity 10774K, committed 11008K, reserved 1058816K
  class space    used 1156K, capacity 1209K, committed 1280K, reserved 1048576K
}
Event: 6.841 GC heap before
{Heap before GC invocations=5 (full 0):
 PSYoungGen      total 37888K, used 37166K [0x00000000d5580000, 0x00000000d7f80000, 0x0000000100000000)
  eden space 32768K, 100% used [0x00000000d5580000,0x00000000d7580000,0x00000000d7580000)
  from space 5120K, 85% used [0x00000000d7a80000,0x00000000d7ecba28,0x00000000d7f80000)
  to   space 5120K, 0% used [0x00000000d7580000,0x00000000d7580000,0x00000000d7a80000)
 ParOldGen       total 86016K, used 24K [0x0000000080000000, 0x0000000085400000, 0x00000000d5580000)
  object space 86016K, 0% used [0x0000000080000000,0x0000000080006000,0x0000000085400000)
 Metaspace       used 12595K, capacity 12826K, committed 12928K, reserved 1060864K
  class space    used 1305K, capacity 1380K, committed 1408K, reserved 1048576K
Event: 6.844 GC heap after
Heap after GC invocations=5 (full 0):
 PSYoungGen      total 37376K, used 5112K [0x00000000d5580000, 0x00000000d8100000, 0x0000000100000000)
  eden space 32256K, 0% used [0x00000000d5580000,0x00000000d5580000,0x00000000d7500000)
  from space 5120K, 99% used [0x00000000d7580000,0x00000000d7a7e370,0x00000000d7a80000)
  to   space 6144K, 0% used [0x00000000d7b00000,0x00000000d7b00000,0x00000000d8100000)
 ParOldGen       total 86016K, used 845K [0x0000000080000000, 0x0000000085400000, 0x00000000d5580000)
  object space 86016K, 0% used [0x0000000080000000,0x00000000800d3728,0x0000000085400000)
 Metaspace       used 12595K, capacity 12826K, committed 12928K, reserved 1060864K
  class space    used 1305K, capacity 1380K, committed 1408K, reserved 1048576K
}
Event: 7.355 GC heap before
{Heap before GC invocations=6 (full 0):
 PSYoungGen      total 37376K, used 37368K [0x00000000d5580000, 0x00000000d8100000, 0x0000000100000000)
  eden space 32256K, 100% used [0x00000000d5580000,0x00000000d7500000,0x00000000d7500000)
  from space 5120K, 99% used [0x00000000d7580000,0x00000000d7a7e370,0x00000000d7a80000)
  to   space 6144K, 0% used [0x00000000d7b00000,0x00000000d7b00000,0x00000000d8100000)
 ParOldGen       total 86016K, used 845K [0x0000000080000000, 0x0000000085400000, 0x00000000d5580000)
  object space 86016K, 0% used [0x0000000080000000,0x00000000800d3728,0x0000000085400000)
 Metaspace       used 16353K, capacity 16646K, committed 17024K, reserved 1064960K
  class space    used 1721K, capacity 1846K, committed 1920K, reserved 1048576K
Event: 7.360 GC heap after
Heap after GC invocations=6 (full 0):
 PSYoungGen      total 36864K, used 6127K [0x00000000d5580000, 0x00000000d8380000, 0x0000000100000000)
  eden space 30720K, 0% used [0x00000000d5580000,0x00000000d5580000,0x00000000d7380000)
  from space 6144K, 99% used [0x00000000d7b00000,0x00000000d80fbff8,0x00000000d8100000)
  to   space 7680K, 0% used [0x00000000d7380000,0x00000000d7380000,0x00000000d7b00000)
 ParOldGen       total 86016K, used 2546K [0x0000000080000000, 0x0000000085400000, 0x00000000d5580000)
  object space 86016K, 2% used [0x0000000080000000,0x000000008027cbf0,0x0000000085400000)
 Metaspace       used 16353K, capacity 16646K, committed 17024K, reserved 1064960K
  class space    used 1721K, capacity 1846K, committed 1920K, reserved 1048576K
}
Event: 7.715 GC heap before
{Heap before GC invocations=7 (full 0):
 PSYoungGen      total 36864K, used 36847K [0x00000000d5580000, 0x00000000d8380000, 0x0000000100000000)
  eden space 30720K, 100% used [0x00000000d5580000,0x00000000d7380000,0x00000000d7380000)
  from space 6144K, 99% used [0x00000000d7b00000,0x00000000d80fbff8,0x00000000d8100000)
  to   space 7680K, 0% used [0x00000000d7380000,0x00000000d7380000,0x00000000d7b00000)
 ParOldGen       total 86016K, used 2546K [0x0000000080000000, 0x0000000085400000, 0x00000000d5580000)
  object space 86016K, 2% used [0x0000000080000000,0x000000008027cbf0,0x0000000085400000)
 Metaspace       used 18587K, capacity 18822K, committed 19072K, reserved 1067008K
  class space    used 2058K, capacity 2166K, committed 2176K, reserved 1048576K
Event: 7.720 GC heap after
Heap after GC invocations=7 (full 0):
 PSYoungGen      total 35328K, used 4658K [0x00000000d5580000, 0x00000000d8200000, 0x0000000100000000)
  eden space 30208K, 0% used [0x00000000d5580000,0x00000000d5580000,0x00000000d7300000)
  from space 5120K, 90% used [0x00000000d7380000,0x00000000d780cbc8,0x00000000d7880000)
  to   space 7680K, 0% used [0x00000000d7a80000,0x00000000d7a80000,0x00000000d8200000)
 ParOldGen       total 86016K, used 6029K [0x0000000080000000, 0x0000000085400000, 0x00000000d5580000)
  object space 86016K, 7% used [0x0000000080000000,0x00000000805e34a8,0x0000000085400000)
 Metaspace       used 18587K, capacity 18822K, committed 19072K, reserved 1067008K
  class space    used 2058K, capacity 2166K, committed 2176K, reserved 1048576K
}
Event: 8.075 GC heap before
{Heap before GC invocations=8 (full 0):
 PSYoungGen      total 35328K, used 34866K [0x00000000d5580000, 0x00000000d8200000, 0x0000000100000000)
  eden space 30208K, 100% used [0x00000000d5580000,0x00000000d7300000,0x00000000d7300000)
  from space 5120K, 90% used [0x00000000d7380000,0x00000000d780cbc8,0x00000000d7880000)
  to   space 7680K, 0% used [0x00000000d7a80000,0x00000000d7a80000,0x00000000d8200000)
 ParOldGen       total 86016K, used 6029K [0x0000000080000000, 0x0000000085400000, 0x00000000d5580000)
  object space 86016K, 7% used [0x0000000080000000,0x00000000805e34a8,0x0000000085400000)
 Metaspace       used 19938K, capacity 20216K, committed 20608K, reserved 1067008K
  class space    used 2208K, capacity 2312K, committed 2432K, reserved 1048576K
Event: 8.079 GC heap after
Heap after GC invocations=8 (full 0):
 PSYoungGen      total 36864K, used 4372K [0x00000000d5580000, 0x00000000d8180000, 0x0000000100000000)
  eden space 29696K, 0% used [0x00000000d5580000,0x00000000d5580000,0x00000000d7280000)
  from space 7168K, 61% used [0x00000000d7a80000,0x00000000d7ec52e8,0x00000000d8180000)
  to   space 7680K, 0% used [0x00000000d7280000,0x00000000d7280000,0x00000000d7a00000)
 ParOldGen       total 86016K, used 6525K [0x0000000080000000, 0x0000000085400000, 0x00000000d5580000)
  object space 86016K, 7% used [0x0000000080000000,0x000000008065f538,0x0000000085400000)
 Metaspace       used 19938K, capacity 20216K, committed 20608K, reserved 1067008K
  class space    used 2208K, capacity 2312K, committed 2432K, reserved 1048576K
}

Deoptimization events (10 events):
Event: 7.340 Thread 0x0000000003598800 Uncommon trap: reason=unstable_if action=reinterpret pc=0x0000000003a7c7d8 method=sun.misc.URLClassPath$JarLoader.getResource(Ljava/lang/String;Z)Lsun/misc/Resource; @ 15
Event: 7.340 Thread 0x0000000003598800 Uncommon trap: reason=unstable_if action=reinterpret pc=0x000000000391996c method=java.net.URL.<init>(Ljava/net/URL;Ljava/lang/String;Ljava/net/URLStreamHandler;)V @ 391
Event: 7.403 Thread 0x0000000003598800 Uncommon trap: reason=unstable_if action=reinterpret pc=0x0000000003c687e0 method=java.util.jar.Manifest$FastInputStream.peek()B @ 23
Event: 7.627 Thread 0x0000000003598800 Uncommon trap: reason=unstable_if action=reinterpret pc=0x0000000003bfda08 method=java.lang.Integer.parseInt(Ljava/lang/String;I)I @ 122
Event: 7.694 Thread 0x0000000003598800 Uncommon trap: reason=unstable_if action=reinterpret pc=0x00000000038f0eb8 method=java.io.DataInputStream.readUTF(Ljava/io/DataInput;)Ljava/lang/String; @ 31
Event: 7.737 Thread 0x0000000003598800 Uncommon trap: reason=unstable_if action=reinterpret pc=0x0000000003a585e4 method=java.io.WinNTFileSystem.prefixLength(Ljava/lang/String;)I @ 42
Event: 7.940 Thread 0x0000000003598800 Uncommon trap: reason=unstable_if action=reinterpret pc=0x0000000003c6e588 method=java.lang.ThreadLocal$ThreadLocalMap.getEntry(Ljava/lang/ThreadLocal;)Ljava/lang/ThreadLocal$ThreadLocalMap$Entry; @ 29
Event: 7.965 Thread 0x0000000003598800 Uncommon trap: reason=unstable_if action=reinterpret pc=0x0000000003c7055c method=java.lang.ThreadLocal$ThreadLocalMap.getEntry(Ljava/lang/ThreadLocal;)Ljava/lang/ThreadLocal$ThreadLocalMap$Entry; @ 29
Event: 8.171 Thread 0x0000000003598800 Uncommon trap: reason=unstable_if action=reinterpret pc=0x0000000003a08ba0 method=java.util.HashMap.getNode(ILjava/lang/Object;)Ljava/util/HashMap$Node; @ 129
Event: 8.172 Thread 0x0000000003598800 Uncommon trap: reason=bimorphic action=maybe_recompile pc=0x0000000003c01b5c method=java.util.HashMap.putVal(ILjava/lang/Object;Ljava/lang/Object;ZZ)Ljava/lang/Object; @ 203

Classes redefined (0 events):
No events

Internal exceptions (10 events):
Event: 8.074 Thread 0x0000000003598800 Exception <a 'java/lang/ClassNotFoundException': com/sun/proxy/$Proxy1BeanInfo> (0x00000000d72c55b8) thrown at [C:\jenkins\workspace\zulu8-silver-build-win64\zulu-src\hotspot\src\share\vm\classfile\systemDictionary.cpp, line 220]
Event: 8.080 Thread 0x0000000003598800 Exception <a 'java/lang/ClassNotFoundException': com/sun/proxy/$Proxy1Customizer> (0x00000000d55a5e40) thrown at [C:\jenkins\workspace\zulu8-silver-build-win64\zulu-src\hotspot\src\share\vm\classfile\systemDictionary.cpp, line 220]
Event: 8.085 Thread 0x0000000003598800 Exception <a 'java/lang/ClassNotFoundException': org/codehaus/groovy/ast/ClassHelperBeanInfo> (0x00000000d5696bc0) thrown at [C:\jenkins\workspace\zulu8-silver-build-win64\zulu-src\hotspot\src\share\vm\classfile\systemDictionary.cpp, line 220]
Event: 8.088 Thread 0x0000000003598800 Exception <a 'java/lang/ClassNotFoundException': org/codehaus/groovy/ast/ClassHelperCustomizer> (0x00000000d574ae28) thrown at [C:\jenkins\workspace\zulu8-silver-build-win64\zulu-src\hotspot\src\share\vm\classfile\systemDictionary.cpp, line 220]
Event: 8.093 Thread 0x0000000003598800 Exception <a 'java/lang/ClassNotFoundException': org/codehaus/groovy/ast/AnnotationNodeBeanInfo> (0x00000000d584f378) thrown at [C:\jenkins\workspace\zulu8-silver-build-win64\zulu-src\hotspot\src\share\vm\classfile\systemDictionary.cpp, line 220]
Event: 8.095 Thread 0x0000000003598800 Exception <a 'java/lang/ClassNotFoundException': org/codehaus/groovy/ast/ASTNodeBeanInfo> (0x00000000d58fa6d0) thrown at [C:\jenkins\workspace\zulu8-silver-build-win64\zulu-src\hotspot\src\share\vm\classfile\systemDictionary.cpp, line 220]
Event: 8.097 Thread 0x0000000003598800 Exception <a 'java/lang/ClassNotFoundException': org/codehaus/groovy/ast/ASTNodeCustomizer> (0x00000000d59a6e50) thrown at [C:\jenkins\workspace\zulu8-silver-build-win64\zulu-src\hotspot\src\share\vm\classfile\systemDictionary.cpp, line 220]
Event: 8.099 Thread 0x0000000003598800 Exception <a 'java/lang/ClassNotFoundException': org/codehaus/groovy/ast/AnnotationNodeCustomizer> (0x00000000d5a6f8a8) thrown at [C:\jenkins\workspace\zulu8-silver-build-win64\zulu-src\hotspot\src\share\vm\classfile\systemDictionary.cpp, line 220]
Event: 8.113 Thread 0x0000000003598800 Exception <a 'java/lang/ClassNotFoundException': java/io/FileBeanInfo> (0x00000000d5b4b578) thrown at [C:\jenkins\workspace\zulu8-silver-build-win64\zulu-src\hotspot\src\share\vm\classfile\systemDictionary.cpp, line 220]
Event: 8.114 Thread 0x0000000003598800 Exception <a 'java/lang/ClassNotFoundException': java/io/FileCustomizer> (0x00000000d5b85b28) thrown at [C:\jenkins\workspace\zulu8-silver-build-win64\zulu-src\hotspot\src\share\vm\classfile\systemDictionary.cpp, line 220]

Events (10 events):
Event: 8.164 loading class java/util/concurrent/ThreadFactory done
Event: 8.164 loading class java/util/concurrent/Executors$DefaultThreadFactory done
Event: 8.165 loading class android/util/Log
Event: 8.165 loading class android/util/Log done
Event: 8.171 Thread 0x0000000003598800 Uncommon trap: trap_request=0xffffff65 fr.pc=0x0000000003a08ba0
Event: 8.171 Thread 0x0000000003598800 DEOPT PACKING pc=0x0000000003a08ba0 sp=0x000000000355c770
Event: 8.171 Thread 0x0000000003598800 DEOPT UNPACKING pc=0x00000000036c567b sp=0x000000000355c680 mode 2
Event: 8.172 Thread 0x0000000003598800 Uncommon trap: trap_request=0xffffffc6 fr.pc=0x0000000003c01b5c
Event: 8.172 Thread 0x0000000003598800 DEOPT PACKING pc=0x0000000003c01b5c sp=0x000000000355c740
Event: 8.172 Thread 0x0000000003598800 DEOPT UNPACKING pc=0x00000000036c567b sp=0x000000000355c650 mode 2


Dynamic libraries:
0x00007ff71cc30000 - 0x00007ff71cc65000 	C:\Users\Srinivas Dasari\Downloads\Katalon_Studio_Windows_64-8.3.5\Katalon_Studio_Windows_64-8.3.5\jre\bin\javaw.exe
0x00007ffe5d110000 - 0x00007ffe5d327000 	C:\WINDOWS\SYSTEM32\ntdll.dll
0x00007ffe5bf20000 - 0x00007ffe5bfe4000 	C:\WINDOWS\System32\KERNEL32.dll
0x00007ffe5a280000 - 0x00007ffe5a39b000 	C:\Windows\system32\hmpalert.dll
0x00007ffe5a890000 - 0x00007ffe5ac35000 	C:\WINDOWS\System32\KERNELBASE.dll
0x00007ffe5c8f0000 - 0x00007ffe5c9a1000 	C:\WINDOWS\System32\ADVAPI32.dll
0x00007ffe5ae60000 - 0x00007ffe5af07000 	C:\WINDOWS\System32\msvcrt.dll
0x00007ffe5c480000 - 0x00007ffe5c526000 	C:\WINDOWS\System32\sechost.dll
0x00007ffe5cfb0000 - 0x00007ffe5d0c7000 	C:\WINDOWS\System32\RPCRT4.dll
0x00007ffe5c9b0000 - 0x00007ffe5cb5e000 	C:\WINDOWS\System32\USER32.dll
0x00007ffe5acc0000 - 0x00007ffe5ace6000 	C:\WINDOWS\System32\win32u.dll
0x00007ffe5c8c0000 - 0x00007ffe5c8e9000 	C:\WINDOWS\System32\GDI32.dll
0x00007ffe5a6b0000 - 0x00007ffe5a7c9000 	C:\WINDOWS\System32\gdi32full.dll
0x00007ffe5a610000 - 0x00007ffe5a6aa000 	C:\WINDOWS\System32\msvcp_win.dll
0x00007ffe5a480000 - 0x00007ffe5a591000 	C:\WINDOWS\System32\ucrtbase.dll
0x00007ffe3d680000 - 0x00007ffe3d913000 	C:\WINDOWS\WinSxS\amd64_microsoft.windows.common-controls_6595b64144ccf1df_6.0.22621.2506_none_270c5ae97388e100\COMCTL32.dll
0x00007ffe5af10000 - 0x00007ffe5af41000 	C:\WINDOWS\System32\IMM32.DLL
0x000000006e740000 - 0x000000006e812000 	C:\Users\Srinivas Dasari\Downloads\Katalon_Studio_Windows_64-8.3.5\Katalon_Studio_Windows_64-8.3.5\jre\bin\msvcr100.dll
0x000000006ddb0000 - 0x000000006e675000 	C:\Users\Srinivas Dasari\Downloads\Katalon_Studio_Windows_64-8.3.5\Katalon_Studio_Windows_64-8.3.5\jre\bin\server\jvm.dll
0x00007ffe5cb60000 - 0x00007ffe5cb68000 	C:\WINDOWS\System32\PSAPI.DLL
0x00007ffe41780000 - 0x00007ffe41789000 	C:\WINDOWS\SYSTEM32\WSOCK32.dll
0x00007ffe5b640000 - 0x00007ffe5b6b1000 	C:\WINDOWS\System32\WS2_32.dll
0x00007ffe58fb0000 - 0x00007ffe58fba000 	C:\WINDOWS\SYSTEM32\VERSION.dll
0x00007ffe50370000 - 0x00007ffe503a4000 	C:\WINDOWS\SYSTEM32\WINMM.dll
0x00007ffe54b30000 - 0x00007ffe54b3f000 	C:\Users\Srinivas Dasari\Downloads\Katalon_Studio_Windows_64-8.3.5\Katalon_Studio_Windows_64-8.3.5\jre\bin\verify.dll
0x00007ffe509b0000 - 0x00007ffe509d9000 	C:\Users\Srinivas Dasari\Downloads\Katalon_Studio_Windows_64-8.3.5\Katalon_Studio_Windows_64-8.3.5\jre\bin\java.dll
0x00007ffe50990000 - 0x00007ffe509a6000 	C:\Users\Srinivas Dasari\Downloads\Katalon_Studio_Windows_64-8.3.5\Katalon_Studio_Windows_64-8.3.5\jre\bin\zip.dll
0x00007ffe5b6c0000 - 0x00007ffe5bf19000 	C:\WINDOWS\System32\SHELL32.dll
0x00007ffe580b0000 - 0x00007ffe589a4000 	C:\WINDOWS\SYSTEM32\windows.storage.dll
0x00007ffe5c530000 - 0x00007ffe5c8b9000 	C:\WINDOWS\System32\combase.dll
0x00007ffe57f70000 - 0x00007ffe580ae000 	C:\WINDOWS\SYSTEM32\wintypes.dll
0x00007ffe5b540000 - 0x00007ffe5b633000 	C:\WINDOWS\System32\SHCORE.dll
0x00007ffe5cb70000 - 0x00007ffe5cbce000 	C:\WINDOWS\System32\shlwapi.dll
0x00007ffe5a3b0000 - 0x00007ffe5a3d6000 	C:\WINDOWS\SYSTEM32\profapi.dll
0x00007ffe50970000 - 0x00007ffe5098b000 	C:\Users\Srinivas Dasari\Downloads\Katalon_Studio_Windows_64-8.3.5\Katalon_Studio_Windows_64-8.3.5\jre\bin\net.dll
0x00007ffe597e0000 - 0x00007ffe59849000 	C:\WINDOWS\system32\mswsock.dll
0x00007ffe50950000 - 0x00007ffe50961000 	C:\Users\Srinivas Dasari\Downloads\Katalon_Studio_Windows_64-8.3.5\Katalon_Studio_Windows_64-8.3.5\jre\bin\nio.dll

VM Arguments:
jvm_args: -Dgroovy.home=C:\Users\Srinivas Dasari/.groovy -Djava.system.class.loader=groovy.lang.GroovyClassLoader -Xmx2048m -Dfile.encoding=UTF-8 
java_command: org.codehaus.groovy.tools.GroovyStarter --classpath C:\Users\Srinivas Dasari\Katalon Studio\test1\bin\keyword;C:\Users\Srinivas Dasari\Katalon Studio\test1\Keywords;C:\Users\Srinivas Dasari\Katalon Studio\test1\bin\listener;C:\Users\Srinivas Dasari\Katalon Studio\test1\Test Listeners;C:\Users\Srinivas Dasari\Katalon Studio\test1\bin\lib;C:\Users\Srinivas Dasari\Katalon Studio\test1\Libs;C:\Users\Srinivas Dasari\Katalon Studio\test1\bin\groovy;C:\Users\Srinivas Dasari\Katalon Studio\test1\Include\scripts\groovy;C:\Users\Srinivas Dasari\Downloads\Katalon_Studio_Windows_64-8.3.5\Katalon_Studio_Windows_64-8.3.5\plugins\com.kms.katalon.core_1.0.0.202205100347.jar;C:\Users\Srinivas Dasari\Downloads\Katalon_Studio_Windows_64-8.3.5\Katalon_Studio_Windows_64-8.3.5\configuration\resources\lib\aalto-xml-1.0.0.jar;C:\Users\Srinivas Dasari\Downloads\Katalon_Studio_Windows_64-8.3.5\Katalon_Studio_Windows_64-8.3.5\configuration\resources\lib\aspectjweaver-1.9.1.jar;C:\Users\Srinivas Dasari\Downloads\Katalon_Studio_Windows_64-8.3.5\Katalon_Studio_Windows_64-8.3.5\configuration\resources\lib\bcpkix-jdk15on-1.64.jar;C:\Users\Srinivas Dasari\Downloads\Katalon_Studio_Windows_64-8.3.5\Katalon_Studio_Windows_64-8.3.5\configuration\resources\lib\bcprov-jdk15on-1.64.jar;C:\Users\Srinivas Dasari\Downloads\Katalon_Studio_Windows_64-8.3.5\Katalon_Studio_Windows_64-8.3.5\configuration\resources\lib\browsermob-core-2.1.5.jar;C:\Users\Srinivas Dasari\Downloads\Katalon_Studio_Windows_64-8.3.5\Katalon_Studio_Windows_64-8.3.5\configuration\resources\lib\cglib-3.2.10.jar;C:\Users\Srinivas Dasari\Downloads\Katalon_Studio_Windows_64-8.3.5\Katalon_Studio_Windows_64-8.3.5\configuration\resources\lib\commons-codec-1.10.jar;C:\Users\Srinivas Dasari\Downloads\Katalon_Studio_Windows_64-8.3.5\Katalon_Studio_Windows_64-8.3.5\configuration\resources\lib\commons-collections4-4.1.jar;C:\Users\Srinivas Dasari\Downloads\Katalon_Studio_Windows_64-8.3.5\Katalon_Studio_Windows_64-8.3.5\configuration\r
java_class_path (initial): C:\Users\Srinivas Dasari\Katalon Studio\test1\bin\keyword;C:\Users\Srinivas Dasari\Katalon Studio\test1\bin\listener;C:\Users\Srinivas Dasari\Katalon Studio\test1\bin\lib;C:\Users\Srinivas Dasari\Katalon Studio\test1\bin\groovy;C:\Users\Srinivas Dasari\Katalon Studio\test1\bin;C:\Users\Srinivas Dasari\Downloads\Katalon_Studio_Windows_64-8.3.5\Katalon_Studio_Windows_64-8.3.5\plugins\com.kms.katalon.core_1.0.0.202205100347.jar;C:\Users\Srinivas Dasari\Downloads\Katalon_Studio_Windows_64-8.3.5\Katalon_Studio_Windows_64-8.3.5\configuration\resources\lib\aalto-xml-1.0.0.jar;C:\Users\Srinivas Dasari\Downloads\Katalon_Studio_Windows_64-8.3.5\Katalon_Studio_Windows_64-8.3.5\configuration\resources\lib\aspectjweaver-1.9.1.jar;C:\Users\Srinivas Dasari\Downloads\Katalon_Studio_Windows_64-8.3.5\Katalon_Studio_Windows_64-8.3.5\configuration\resources\lib\bcpkix-jdk15on-1.64.jar;C:\Users\Srinivas Dasari\Downloads\Katalon_Studio_Windows_64-8.3.5\Katalon_Studio_Windows_64-8.3.5\configuration\resources\lib\bcprov-jdk15on-1.64.jar;C:\Users\Srinivas Dasari\Downloads\Katalon_Studio_Windows_64-8.3.5\Katalon_Studio_Windows_64-8.3.5\configuration\resources\lib\browsermob-core-2.1.5.jar;C:\Users\Srinivas Dasari\Downloads\Katalon_Studio_Windows_64-8.3.5\Katalon_Studio_Windows_64-8.3.5\configuration\resources\lib\cglib-3.2.10.jar;C:\Users\Srinivas Dasari\Downloads\Katalon_Studio_Windows_64-8.3.5\Katalon_Studio_Windows_64-8.3.5\configuration\resources\lib\commons-codec-1.10.jar;C:\Users\Srinivas Dasari\Downloads\Katalon_Studio_Windows_64-8.3.5\Katalon_Studio_Windows_64-8.3.5\configuration\resources\lib\commons-collections4-4.1.jar;C:\Users\Srinivas Dasari\Downloads\Katalon_Studio_Windows_64-8.3.5\Katalon_Studio_Windows_64-8.3.5\configuration\resources\lib\commons-validator-1.6.jar;C:\Users\Srinivas Dasari\Downloads\Katalon_Studio_Windows_64-8.3.5\Katalon_Studio_Windows_64-8.3.5\configuration\resources\lib\curvesapi-1.04.jar;C:\Users\Srinivas Dasari\Downloads\Katal
Launcher Type: SUN_STANDARD

Environment Variables:
PATH=C:/Users/Srinivas Dasari/Downloads/Katalon_Studio_Windows_64-8.3.5/Katalon_Studio_Windows_64-8.3.5/jre/bin/server;C:/Users/Srinivas Dasari/Downloads/Katalon_Studio_Windows_64-8.3.5/Katalon_Studio_Windows_64-8.3.5/jre/bin;C:/Users/Srinivas Dasari/Downloads/Katalon_Studio_Windows_64-8.3.5/Katalon_Studio_Windows_64-8.3.5/jre/lib/amd64;C:\Users\Srinivas Dasari\AppData\Local\Programs\Python\Python310\Scripts\;C:\WINDOWS\system32;C:\WINDOWS;C:\WINDOWS\System32\Wbem;C:\WINDOWS\System32\WindowsPowerShell\v1.0\;C:\WINDOWS\System32\OpenSSH\;C:\Program Files (x86)\ATI Technologies\ATI.ACE\Core-Static;C:\Program Files (x86)\dotnet\;C:\Users\Srinivas Dasari\AppData\Local\Programs\Python\Python310\Scripts;C:\Program Files\Git\cmd;C:\Users\Srinivas Dasari\AppData\Local\Programs\Python\Python310\Scripts\;C:\Users\Srinivas Dasari\AppData\Local\Programs\Python\Python310\;C:\Users\Srinivas Dasari\AppData\Local\Microsoft\WindowsApps;;C:\Program Files\JetBrains\PyCharm Community Edition 2022.1.2\bin;;C:\Program Files (x86)\BrowserStackLocal\;C:\Users\Srinivas Dasari\Downloads\Katalon_Studio_Windows_64-8.3.5\Katalon_Studio_Windows_64-8.3.5;
USERNAME=Srinivas Dasari
OS=Windows_NT
PROCESSOR_IDENTIFIER=Intel64 Family 6 Model 142 Stepping 12, GenuineIntel



---------------  S Y S T E M  ---------------

OS: Windows 10.0 , 64 bit Build 22621 (10.0.22621.2506)

CPU:total 8 (initial active 8) (4 cores per cpu, 2 threads per core) family 6 model 142 stepping 12, cmov, cx8, fxsr, mmx, sse, sse2, sse3, ssse3, sse4.1, sse4.2, popcnt, avx, avx2, aes, clmul, erms, 3dnowpref, lzcnt, ht, tsc, tscinvbit, bmi1, bmi2, adx

Memory: 4k page, physical 8227308k(230340k free), swap 33393132k(8680k free)

vm_info: OpenJDK 64-Bit Server VM (25.282-b08) for windows-amd64 JRE (Zulu 8.52.0.23-CA-win64) (1.8.0_282-b08), built on Jan 12 2021 07:45:49 by "tester" with MS VC++ 10.0 (VS2010)

time: Wed Dec 13 18:09:20 2023
timezone: India Standard Time
elapsed time: 8.192913 seconds (0d 0h 0m 8s)

